Removed Pin From Net: NetName=STAT Pin=M1-1
Change Component Comment : Designator=R12 Old Comment=1M New Comment=18.7k
Added Component: Designator=U1(CSD23382F4T)
Added Component: Designator=U2(CSD23382F4T)
Added Pin To Net: NetName=NetC13_2 Pin=U1-1
Added Pin To Net: NetName=STAT Pin=U1-2
Added Pin To Net: NetName=4V2 Pin=U1-3
Added Pin To Net: NetName=STAT Pin=U2-2
Added Pin To Net: NetName=3V5 Pin=U2-3
Added Pin To Net: NetName=CHARGE Pin=M1-1
Added Pin To Net: NetName=CHARGE Pin=U2-1
Added Net: Name=CHARGE
Added Member To Class: ClassName=NaviGo v3.0 Member=Component BC MCP73831T
Added Member To Class: ClassName=NaviGo v3.0 Member=Component BT1 Battery
Added Member To Class: ClassName=NaviGo v3.0 Member=Component C1 4.7u
Added Member To Class: ClassName=NaviGo v3.0 Member=Component C2 10u
Added Member To Class: ClassName=NaviGo v3.0 Member=Component C4 1u
Added Member To Class: ClassName=NaviGo v3.0 Member=Component C5 12p
Added Member To Class: ClassName=NaviGo v3.0 Member=Component C6 12p
Added Member To Class: ClassName=NaviGo v3.0 Member=Component C7 4.7u
Added Member To Class: ClassName=NaviGo v3.0 Member=Component C8 100n
Added Member To Class: ClassName=NaviGo v3.0 Member=Component C10 4.7u
Added Member To Class: ClassName=NaviGo v3.0 Member=Component C11 4.7u
Added Member To Class: ClassName=NaviGo v3.0 Member=Component C12 1u
Added Member To Class: ClassName=NaviGo v3.0 Member=Component C13 1u
Added Member To Class: ClassName=NaviGo v3.0 Member=Component DBG 20021111-00010T4LF
Added Member To Class: ClassName=NaviGo v3.0 Member=Component L1 LBR2012T4R7M
Added Member To Class: ClassName=NaviGo v3.0 Member=Component M1 EFM32TG822
Added Member To Class: ClassName=NaviGo v3.0 Member=Component MOTOR Motor
Added Member To Class: ClassName=NaviGo v3.0 Member=Component OP LMV321SQ3T2G
Added Member To Class: ClassName=NaviGo v3.0 Member=Component OSC ST3215SB32768H5HSZA1
Added Member To Class: ClassName=NaviGo v3.0 Member=Component R1 1M
Added Member To Class: ClassName=NaviGo v3.0 Member=Component R2 324k
Added Member To Class: ClassName=NaviGo v3.0 Member=Component R5 1M
Added Member To Class: ClassName=NaviGo v3.0 Member=Component R6 1M
Added Member To Class: ClassName=NaviGo v3.0 Member=Component R8 1M
Added Member To Class: ClassName=NaviGo v3.0 Member=Component R9 536k
Added Member To Class: ClassName=NaviGo v3.0 Member=Component R10 3k
Added Member To Class: ClassName=NaviGo v3.0 Member=Component R11 150R
Added Member To Class: ClassName=NaviGo v3.0 Member=Component R12 18.7k
Added Member To Class: ClassName=NaviGo v3.0 Member=Component SENSOR Header 4
Added Member To Class: ClassName=NaviGo v3.0 Member=Component SW2 2-1825027-0
Added Member To Class: ClassName=NaviGo v3.0 Member=Component SW EG1247
Added Member To Class: ClassName=NaviGo v3.0 Member=Component U1 CSD23382F4T
Added Member To Class: ClassName=NaviGo v3.0 Member=Component U2 CSD23382F4T
Added Member To Class: ClassName=NaviGo v3.0 Member=Component USB 649-10118192-0001LF
Added Member To Class: ClassName=NaviGo v3.0 Member=Component Vboost MCP1640T-I/MC
Added Member To Class: ClassName=NaviGo v3.0 Member=Component VReg TPS78001DDCR
